# JRE version: Java(TM) SE Runtime Environment (21.0.1+12) (build 21.0.1+12-LTS-29)
# Java VM: Java HotSpot(TM) 64-Bit Server VM (21.0.1+12-LTS-29, mixed mode, sharing, tiered, compressed oops, compressed class ptrs, g1 gc, windows-amd64)
GC Precious Log:
 CardTable entry size: 512
 Card Set container configuration: InlinePtr #cards 5 size 8 Array Of Cards #cards 12 size 40 Howl #buckets 4 coarsen threshold 1843 Howl Bitmap #cards 512 size 80 coarsen threshold 460 Card regions per heap region 1 cards per card region 2048
 CPUs: 2 total, 2 available
 Memory: 3918M
 Large Page Support: Disabled
 NUMA Support: Disabled
 Compressed Oops: Enabled (32-bit)
 Heap Region Size: 1M
 Heap Min Capacity: 8M
 Heap Initial Capacity: 62M
 Heap Max Capacity: 980M
 Pre-touch: Disabled
 Parallel Workers: 2
 Concurrent Workers: 1
 Concurrent Refinement Workers: 2
 Periodic GC: Disabled
Heap:
 garbage-first heap   total 63488K, used 33325K [0x00000000c2c00000, 0x0000000100000000)
  region size 1024K, 18 young (18432K), 5 survivors (5120K)
 Metaspace       used 18777K, committed 19008K, reserved 1114112K
  class space    used 2769K, committed 2880K, reserved 1048576K
GC Heap History (10 events):
Event: 0.465 GC heap before
{Heap before GC invocations=0 (full 0):
 garbage-first heap   total 63488K, used 5120K [0x00000000c2c00000, 0x0000000100000000)
  region size 1024K, 6 young (6144K), 0 survivors (0K)
 Metaspace       used 491K, committed 704K, reserved 1114112K
  class space    used 25K, committed 128K, reserved 1048576K
}
Event: 0.472 GC heap after
{Heap after GC invocations=1 (full 0):
 garbage-first heap   total 63488K, used 784K [0x00000000c2c00000, 0x0000000100000000)
  region size 1024K, 1 young (1024K), 1 survivors (1024K)
 Metaspace       used 491K, committed 704K, reserved 1114112K
  class space    used 25K, committed 128K, reserved 1048576K
}
Event: 1.189 GC heap before
{Heap before GC invocations=1 (full 0):
 garbage-first heap   total 63488K, used 6928K [0x00000000c2c00000, 0x0000000100000000)
  region size 1024K, 8 young (8192K), 1 survivors (1024K)
 Metaspace       used 1960K, committed 2112K, reserved 1114112K
  class space    used 199K, committed 320K, reserved 1048576K
}
Event: 1.196 GC heap after
{Heap after GC invocations=2 (full 0):
 garbage-first heap   total 63488K, used 1737K [0x00000000c2c00000, 0x0000000100000000)
  region size 1024K, 1 young (1024K), 1 survivors (1024K)
 Metaspace       used 1960K, committed 2112K, reserved 1114112K
  class space    used 199K, committed 320K, reserved 1048576K
}
Event: 1.899 GC heap before
{Heap before GC invocations=2 (full 0):
 garbage-first heap   total 63488K, used 11977K [0x00000000c2c00000, 0x0000000100000000)
  region size 1024K, 12 young (12288K), 1 survivors (1024K)
 Metaspace       used 4962K, committed 5120K, reserved 1114112K
  class space    used 620K, committed 704K, reserved 1048576K
}
Event: 1.906 GC heap after
{Heap after GC invocations=3 (full 0):
 garbage-first heap   total 63488K, used 2549K [0x00000000c2c00000, 0x0000000100000000)
  region size 1024K, 2 young (2048K), 2 survivors (2048K)
 Metaspace       used 4962K, committed 5120K, reserved 1114112K
  class space    used 620K, committed 704K, reserved 1048576K
}
Event: 4.429 GC heap before
{Heap before GC invocations=3 (full 0):
 garbage-first heap   total 63488K, used 37365K [0x00000000c2c00000, 0x0000000100000000)
  region size 1024K, 37 young (37888K), 2 survivors (2048K)
 Metaspace       used 12145K, committed 12416K, reserved 1114112K
  class space    used 1952K, committed 2048K, reserved 1048576K
}
Event: 4.447 GC heap after
{Heap after GC invocations=4 (full 0):
 garbage-first heap   total 63488K, used 5988K [0x00000000c2c00000, 0x0000000100000000)
  region size 1024K, 5 young (5120K), 5 survivors (5120K)
 Metaspace       used 12145K, committed 12416K, reserved 1114112K
  class space    used 1952K, committed 2048K, reserved 1048576K
}
Event: 69.773 GC heap before
{Heap before GC invocations=4 (full 0):
 garbage-first heap   total 63488K, used 40804K [0x00000000c2c00000, 0x0000000100000000)
  region size 1024K, 37 young (37888K), 5 survivors (5120K)
 Metaspace       used 17759K, committed 18112K, reserved 1114112K
  class space    used 2613K, committed 2752K, reserved 1048576K
}
Event: 69.796 GC heap after
{Heap after GC invocations=5 (full 0):
 garbage-first heap   total 63488K, used 12845K [0x00000000c2c00000, 0x0000000100000000)
  region size 1024K, 5 young (5120K), 5 survivors (5120K)
 Metaspace       used 17759K, committed 18112K, reserved 1114112K
  class space    used 2613K, committed 2752K, reserved 1048576K
}

